<?xml version="1.0" encoding="UTF-8"?>
<!-- Generated by org.testng.reporters.JUnitXMLReporter -->
<testsuite hostname="LAPTOP-SG3OI6V4" ignored="0" name="Default test" tests="16" failures="0" timestamp="2021-08-16T13:10:16 IST" time="203.715" errors="0">
  <testcase name="f" time="0.101" classname="Flights2.MyFlightScript2"/>
  <testcase name="aPropLoadMethod" time="0.009" classname="Flights2.MyFlightScript2"/>
  <testcase name="checkRoundtrip" time="1.775" classname="Flights2.MyFlightScript2"/>
  <testcase name="checkOneway" time="1.139" classname="Flights2.MyFlightScript2"/>
  <testcase name="checkMulticity" time="2.839" classname="Flights2.MyFlightScript2"/>
  <testcase name="webCheckIn" time="6.808" classname="Flights2.MyFlightScript2"/>
  <testcase name="CheckDefence" time="6.67" classname="Flights2.MyFlightScript2"/>
  <testcase name="checkFlightDetails" time="3.66" classname="Flights2.MyFlightScript2"/>
  <testcase name="reviewValidEmail" time="7.781" classname="Flights2.MyFlightScript2"/>
  <testcase name="reviewInvalidEmail" time="7.49" classname="Flights2.MyFlightScript2"/>
  <testcase name="reviewdInsuranceYes" time="8.575" classname="Flights2.MyFlightScript2"/>
  <testcase name="reviewdInsuranceNo" time="8.596" classname="Flights2.MyFlightScript2"/>
  <testcase name="travellerSection1" time="14.621" classname="Flights2.MyFlightScript2"/>
  <testcase name="travellerSection2" time="11.201" classname="Flights2.MyFlightScript2"/>
  <testcase name="checkSameLocation" time="3.269" classname="Flights2.MyFlightScript2"/>
  <testcase name="maxTravelersCheck" time="0.701" classname="Flights2.MyFlightScript2"/>
</testsuite> <!-- Default test -->
