<?xml version="1.0" encoding="UTF-8"?>
<testng-results skipped="0" failed="0" ignored="1" total="10" passed="9">
  <reporter-output>
  </reporter-output>
  <suite name="Default suite" duration-ms="61894" started-at="2021-08-16T17:23:23 IST" finished-at="2021-08-16T17:24:25 IST">
    <groups>
    </groups>
    <test name="Default test" duration-ms="61894" started-at="2021-08-16T17:23:23 IST" finished-at="2021-08-16T17:24:25 IST">
      <class name="flight1.FlightScript01">
        <test-method status="PASS" signature="beforeTest()[pri:0, instance:flight1.FlightScript01@27a5f880]" name="beforeTest" is-config="true" duration-ms="15259" started-at="2021-08-16T17:23:23 IST" finished-at="2021-08-16T17:23:39 IST">
          <reporter-output>
          </reporter-output>
        </test-method> <!-- beforeTest -->
        <test-method status="PASS" signature="f()[pri:1, instance:flight1.FlightScript01@27a5f880]" name="f" duration-ms="183" started-at="2021-08-16T17:23:39 IST" finished-at="2021-08-16T17:23:39 IST">
          <reporter-output>
          </reporter-output>
        </test-method> <!-- f -->
        <test-method status="PASS" signature="aPropLoadMethod()[pri:2, instance:flight1.FlightScript01@27a5f880]" name="aPropLoadMethod" duration-ms="1306" started-at="2021-08-16T17:23:39 IST" finished-at="2021-08-16T17:23:40 IST">
          <reporter-output>
          </reporter-output>
        </test-method> <!-- aPropLoadMethod -->
        <test-method status="PASS" signature="checkRoundtrip()[pri:2, instance:flight1.FlightScript01@27a5f880]" name="checkRoundtrip" duration-ms="2306" started-at="2021-08-16T17:23:40 IST" depends-on-methods="flight1.FlightScript01.aPropLoadMethod" finished-at="2021-08-16T17:23:43 IST">
          <reporter-output>
          </reporter-output>
        </test-method> <!-- checkRoundtrip -->
        <test-method status="PASS" signature="tc_date01()[pri:2, instance:flight1.FlightScript01@27a5f880]" name="tc_date01" duration-ms="2543" started-at="2021-08-16T17:23:43 IST" depends-on-methods="flight1.FlightScript01.checkRoundtrip" finished-at="2021-08-16T17:23:45 IST">
          <reporter-output>
          </reporter-output>
        </test-method> <!-- tc_date01 -->
        <test-method status="PASS" signature="tc_date02()[pri:0, instance:flight1.FlightScript01@27a5f880]" name="tc_date02" duration-ms="2530" started-at="2021-08-16T17:23:45 IST" depends-on-methods="flight1.FlightScript01.tc_date01" finished-at="2021-08-16T17:23:48 IST">
          <reporter-output>
          </reporter-output>
        </test-method> <!-- tc_date02 -->
        <test-method status="PASS" signature="tc_traveller9()[pri:0, instance:flight1.FlightScript01@27a5f880]" name="tc_traveller9" duration-ms="25502" started-at="2021-08-16T17:23:48 IST" depends-on-methods="flight1.FlightScript01.tc_date02" finished-at="2021-08-16T17:24:13 IST">
          <reporter-output>
          </reporter-output>
        </test-method> <!-- tc_traveller9 -->
        <test-method status="PASS" signature="tc_traveller01()[pri:0, instance:flight1.FlightScript01@27a5f880]" name="tc_traveller01" duration-ms="4230" started-at="2021-08-16T17:24:13 IST" depends-on-methods="flight1.FlightScript01.tc_traveller9" finished-at="2021-08-16T17:24:17 IST">
          <reporter-output>
          </reporter-output>
        </test-method> <!-- tc_traveller01 -->
        <test-method status="PASS" signature="tc_class01()[pri:0, instance:flight1.FlightScript01@27a5f880]" name="tc_class01" duration-ms="2731" started-at="2021-08-16T17:24:17 IST" depends-on-methods="flight1.FlightScript01.tc_traveller01" finished-at="2021-08-16T17:24:20 IST">
          <reporter-output>
          </reporter-output>
        </test-method> <!-- tc_class01 -->
        <test-method status="PASS" signature="tc_search01()[pri:0, instance:flight1.FlightScript01@27a5f880]" name="tc_search01" duration-ms="3641" started-at="2021-08-16T17:24:20 IST" depends-on-methods="flight1.FlightScript01.tc_class01" finished-at="2021-08-16T17:24:24 IST">
          <reporter-output>
          </reporter-output>
        </test-method> <!-- tc_search01 -->
        <test-method status="PASS" signature="afterTest()[pri:0, instance:flight1.FlightScript01@27a5f880]" name="afterTest" is-config="true" duration-ms="1596" started-at="2021-08-16T17:24:24 IST" finished-at="2021-08-16T17:24:25 IST">
          <reporter-output>
          </reporter-output>
        </test-method> <!-- afterTest -->
      </class> <!-- flight1.FlightScript01 -->
    </test> <!-- Default test -->
  </suite> <!-- Default suite -->
</testng-results>
