<?xml version="1.0" encoding="UTF-8"?>
<testng-results skipped="0" failed="0" ignored="1" total="10" passed="9">
  <reporter-output>
  </reporter-output>
  <suite name="Default suite" duration-ms="11174" started-at="2021-08-16T15:27:39 IST" finished-at="2021-08-16T15:27:51 IST">
    <groups>
    </groups>
    <test name="Default test" duration-ms="11174" started-at="2021-08-16T15:27:39 IST" finished-at="2021-08-16T15:27:51 IST">
      <class name="flight1.FlightScript01">
        <test-method status="PASS" signature="beforeTest()[pri:0, instance:flight1.FlightScript01@27a5f880]" name="beforeTest" is-config="true" duration-ms="5320" started-at="2021-08-16T15:27:39 IST" finished-at="2021-08-16T15:27:45 IST">
          <reporter-output>
          </reporter-output>
        </test-method> <!-- beforeTest -->
        <test-method status="PASS" signature="f()[pri:1, instance:flight1.FlightScript01@27a5f880]" name="f" duration-ms="110" started-at="2021-08-16T15:27:45 IST" finished-at="2021-08-16T15:27:45 IST">
          <reporter-output>
          </reporter-output>
        </test-method> <!-- f -->
        <test-method status="PASS" signature="aPropLoadMethod()[pri:2, instance:flight1.FlightScript01@27a5f880]" name="aPropLoadMethod" duration-ms="944" started-at="2021-08-16T15:27:45 IST" finished-at="2021-08-16T15:27:46 IST">
          <reporter-output>
          </reporter-output>
        </test-method> <!-- aPropLoadMethod -->
        <test-method status="PASS" signature="checkRoundtrip()[pri:2, instance:flight1.FlightScript01@27a5f880]" name="checkRoundtrip" duration-ms="140" started-at="2021-08-16T15:27:46 IST" depends-on-methods="flight1.FlightScript01.aPropLoadMethod" finished-at="2021-08-16T15:27:46 IST">
          <reporter-output>
          </reporter-output>
        </test-method> <!-- checkRoundtrip -->
        <test-method status="PASS" signature="tc_date01()[pri:2, instance:flight1.FlightScript01@27a5f880]" name="tc_date01" duration-ms="212" started-at="2021-08-16T15:27:46 IST" depends-on-methods="flight1.FlightScript01.checkRoundtrip" finished-at="2021-08-16T15:27:46 IST">
          <reporter-output>
          </reporter-output>
        </test-method> <!-- tc_date01 -->
        <test-method status="PASS" signature="tc_date02()[pri:0, instance:flight1.FlightScript01@27a5f880]" name="tc_date02" duration-ms="179" started-at="2021-08-16T15:27:46 IST" depends-on-methods="flight1.FlightScript01.tc_date01" finished-at="2021-08-16T15:27:46 IST">
          <reporter-output>
          </reporter-output>
        </test-method> <!-- tc_date02 -->
        <test-method status="PASS" signature="tc_traveller9()[pri:0, instance:flight1.FlightScript01@27a5f880]" name="tc_traveller9" duration-ms="667" started-at="2021-08-16T15:27:46 IST" depends-on-methods="flight1.FlightScript01.tc_date02" finished-at="2021-08-16T15:27:47 IST">
          <reporter-output>
          </reporter-output>
        </test-method> <!-- tc_traveller9 -->
        <test-method status="PASS" signature="tc_traveller01()[pri:0, instance:flight1.FlightScript01@27a5f880]" name="tc_traveller01" duration-ms="1101" started-at="2021-08-16T15:27:47 IST" depends-on-methods="flight1.FlightScript01.tc_traveller9" finished-at="2021-08-16T15:27:48 IST">
          <reporter-output>
          </reporter-output>
        </test-method> <!-- tc_traveller01 -->
        <test-method status="PASS" signature="tc_class01()[pri:0, instance:flight1.FlightScript01@27a5f880]" name="tc_class01" duration-ms="215" started-at="2021-08-16T15:27:48 IST" depends-on-methods="flight1.FlightScript01.tc_traveller01" finished-at="2021-08-16T15:27:48 IST">
          <reporter-output>
          </reporter-output>
        </test-method> <!-- tc_class01 -->
        <test-method status="PASS" signature="tc_search01()[pri:0, instance:flight1.FlightScript01@27a5f880]" name="tc_search01" duration-ms="1227" started-at="2021-08-16T15:27:48 IST" depends-on-methods="flight1.FlightScript01.tc_class01" finished-at="2021-08-16T15:27:50 IST">
          <reporter-output>
          </reporter-output>
        </test-method> <!-- tc_search01 -->
        <test-method status="PASS" signature="afterTest()[pri:0, instance:flight1.FlightScript01@27a5f880]" name="afterTest" is-config="true" duration-ms="1008" started-at="2021-08-16T15:27:50 IST" finished-at="2021-08-16T15:27:51 IST">
          <reporter-output>
          </reporter-output>
        </test-method> <!-- afterTest -->
      </class> <!-- flight1.FlightScript01 -->
    </test> <!-- Default test -->
  </suite> <!-- Default suite -->
</testng-results>
