<?xml version="1.0" encoding="UTF-8"?>
<testng-results skipped="0" failed="0" ignored="0" total="1" passed="1">
  <reporter-output>
  </reporter-output>
  <suite name="Default suite" duration-ms="30295" started-at="2021-08-15T10:50:00 IST" finished-at="2021-08-15T10:50:31 IST">
    <groups>
    </groups>
    <test name="Default test" duration-ms="30295" started-at="2021-08-15T10:50:00 IST" finished-at="2021-08-15T10:50:31 IST">
      <class name="endToEndHotelBooking.RunnerClass">
        <test-method status="PASS" signature="beforeTest()[pri:0, instance:endToEndHotelBooking.RunnerClass@3fd7a715]" name="beforeTest" is-config="true" duration-ms="5272" started-at="2021-08-15T10:50:00 IST" finished-at="2021-08-15T10:50:06 IST">
          <reporter-output>
          </reporter-output>
        </test-method> <!-- beforeTest -->
        <test-method status="PASS" signature="hotelBooking(java.lang.String, java.lang.String, java.lang.String, java.lang.String)[pri:0, instance:endToEndHotelBooking.RunnerClass@3fd7a715]" name="hotelBooking" duration-ms="23224" started-at="2021-08-15T10:50:06 IST" description="entering data and checking" data-provider="dp" finished-at="2021-08-15T10:50:30 IST">
          <params>
            <param index="0">
              <value>
                <![CDATA[Bijesh]]>
              </value>
            </param>
            <param index="1">
              <value>
                <![CDATA[Singha]]>
              </value>
            </param>
            <param index="2">
              <value>
                <![CDATA[singhabijesh7@gmail.com]]>
              </value>
            </param>
            <param index="3">
              <value>
                <![CDATA[7.002449198E9]]>
              </value>
            </param>
          </params>
          <reporter-output>
          </reporter-output>
        </test-method> <!-- hotelBooking -->
        <test-method status="PASS" signature="afterTest()[pri:0, instance:endToEndHotelBooking.RunnerClass@3fd7a715]" name="afterTest" is-config="true" duration-ms="1105" started-at="2021-08-15T10:50:30 IST" finished-at="2021-08-15T10:50:31 IST">
          <reporter-output>
          </reporter-output>
        </test-method> <!-- afterTest -->
      </class> <!-- endToEndHotelBooking.RunnerClass -->
    </test> <!-- Default test -->
  </suite> <!-- Default suite -->
</testng-results>
